<?xml version="1.0" encoding="UTF-8"?>
<TestRun id="83b48949-933b-4bcd-be11-956316751d0a" name="Acer@USER 2016-12-21 21:50:06" runUser="USER\Acer" xmlns="http://microsoft.com/schemas/VisualStudio/TeamTest/2006">
  <TestRunConfiguration name="Default Run Configuration" id="71d6edca-dc92-4696-97a3-b8055c3d2009">
    <Deployment runDeploymentRoot="C:\Users\Acer\Documents\Visual Studio 2008\Projects\DES\TestResults\Acer_USER 2016-12-21 21_50_06">
      <DeploymentItem filename="C:\Users\Acer\Documents\Visual Studio 2008\Projects\DES\DES\bin\Debug\DES_1.dll" />
    </Deployment>
    <Hosts skipUnhostableTests="false" />
    <TestTypeSpecific />
  </TestRunConfiguration>
  <ResultSummary outcome="Error">
    <Counters total="7" executed="7" passed="5" error="0" failed="1" timeout="0" aborted="1" inconclusive="0" passedButRunAborted="0" notRunnable="0" notExecuted="0" disconnected="0" warning="0" completed="0" inProgress="0" pending="0" />
    <RunInfos>
      <RunInfo computerName="USER" outcome="Error" timestamp="2016-12-21T22:07:13.0987671+03:00">
        <Text>Test host process exited unexpectedly.</Text>
      </RunInfo>
    </RunInfos>
  </ResultSummary>
  <Times creation="2016-12-21T21:50:06.2260002+03:00" queuing="2016-12-21T21:50:10.2417388+03:00" start="2016-12-21T21:50:10.5698812+03:00" finish="2016-12-21T22:07:13.0987671+03:00" />
  <TestDefinitions>
    <UnitTest name="RSASignDecrypt" storage="c:\users\acer\documents\visual studio 2008\projects\des\destests\bin\debug\destests.dll" id="abf7696d-fd1e-88b0-6db3-249a3c04ffb9">
      <Css projectStructure="" iteration="" />
      <Owners>
        <Owner name="" />
      </Owners>
      <Execution id="1218f02c-7da4-4998-8f63-fa7b4aa672a4" />
      <TestMethod codeBase="C:\Users\Acer\Documents\Visual Studio 2008\Projects\DES\DESTests\bin\Debug\DESTests.dll" adapterTypeName="Microsoft.VisualStudio.TestTools.TestTypes.Unit.UnitTestAdapter, Microsoft.VisualStudio.QualityTools.Tips.UnitTest.Adapter, Version=9.0.0.0, Culture=neutral, PublicKeyToken=b03f5f7f11d50a3a" className="DESTests.Test, DESTests" name="RSASignDecrypt" />
    </UnitTest>
    <UnitTest name="DESTestSourceDecrypt" storage="c:\users\acer\documents\visual studio 2008\projects\des\destests\bin\debug\destests.dll" id="3154799c-e0a1-7c58-9569-cd29d1bc3aa0">
      <Css projectStructure="" iteration="" />
      <Owners>
        <Owner name="" />
      </Owners>
      <Execution id="8023414b-8d42-4f70-8a3b-c9773521036c" />
      <TestMethod codeBase="C:\Users\Acer\Documents\Visual Studio 2008\Projects\DES\DESTests\bin\Debug\DESTests.dll" adapterTypeName="Microsoft.VisualStudio.TestTools.TestTypes.Unit.UnitTestAdapter, Microsoft.VisualStudio.QualityTools.Tips.UnitTest.Adapter, Version=9.0.0.0, Culture=neutral, PublicKeyToken=b03f5f7f11d50a3a" className="DESTests.Test, DESTests" name="DESTestSourceDecrypt" />
    </UnitTest>
    <UnitTest name="RSASign" storage="c:\users\acer\documents\visual studio 2008\projects\des\destests\bin\debug\destests.dll" id="c2d29ef2-6045-61e3-1d6a-f22e41477650">
      <Css projectStructure="" iteration="" />
      <Owners>
        <Owner name="" />
      </Owners>
      <Execution id="b528c24d-f376-431a-a137-e022d4c3cc37" />
      <TestMethod codeBase="C:\Users\Acer\Documents\Visual Studio 2008\Projects\DES\DESTests\bin\Debug\DESTests.dll" adapterTypeName="Microsoft.VisualStudio.TestTools.TestTypes.Unit.UnitTestAdapter, Microsoft.VisualStudio.QualityTools.Tips.UnitTest.Adapter, Version=9.0.0.0, Culture=neutral, PublicKeyToken=b03f5f7f11d50a3a" className="DESTests.Test, DESTests" name="RSASign" />
    </UnitTest>
    <UnitTest name="ElGamalTestSourceDecrypt" storage="c:\users\acer\documents\visual studio 2008\projects\des\destests\bin\debug\destests.dll" id="16e3d03b-e8c5-802f-e9c0-342107d2cdb0">
      <Css projectStructure="" iteration="" />
      <Owners>
        <Owner name="" />
      </Owners>
      <Execution id="d7cf700a-9fa1-49ef-a1bb-423edd3e6c44" />
      <TestMethod codeBase="C:\Users\Acer\Documents\Visual Studio 2008\Projects\DES\DESTests\bin\Debug\DESTests.dll" adapterTypeName="Microsoft.VisualStudio.TestTools.TestTypes.Unit.UnitTestAdapter, Microsoft.VisualStudio.QualityTools.Tips.UnitTest.Adapter, Version=9.0.0.0, Culture=neutral, PublicKeyToken=b03f5f7f11d50a3a" className="DESTests.Test, DESTests" name="ElGamalTestSourceDecrypt" />
    </UnitTest>
    <UnitTest name="ElGamalTestEncryptDecryptLenght" storage="c:\users\acer\documents\visual studio 2008\projects\des\destests\bin\debug\destests.dll" id="0e7cf8a3-3ea1-7e51-78da-44d1d9228cd6">
      <Css projectStructure="" iteration="" />
      <Owners>
        <Owner name="" />
      </Owners>
      <Execution id="9d18f9d8-8f57-4341-883b-a44bb92e6003" />
      <TestMethod codeBase="C:\Users\Acer\Documents\Visual Studio 2008\Projects\DES\DESTests\bin\Debug\DESTests.dll" adapterTypeName="Microsoft.VisualStudio.TestTools.TestTypes.Unit.UnitTestAdapter, Microsoft.VisualStudio.QualityTools.Tips.UnitTest.Adapter, Version=9.0.0.0, Culture=neutral, PublicKeyToken=b03f5f7f11d50a3a" className="DESTests.Test, DESTests" name="ElGamalTestEncryptDecryptLenght" />
    </UnitTest>
    <UnitTest name="DESTestDecrypt" storage="c:\users\acer\documents\visual studio 2008\projects\des\destests\bin\debug\destests.dll" id="726eb956-5c9f-0634-b91b-6403cea6b894">
      <Css projectStructure="" iteration="" />
      <Owners>
        <Owner name="" />
      </Owners>
      <Execution id="6c23df88-9469-4959-9108-d456c36c9897" />
      <TestMethod codeBase="C:\Users\Acer\Documents\Visual Studio 2008\Projects\DES\DESTests\bin\Debug\DESTests.dll" adapterTypeName="Microsoft.VisualStudio.TestTools.TestTypes.Unit.UnitTestAdapter, Microsoft.VisualStudio.QualityTools.Tips.UnitTest.Adapter, Version=9.0.0.0, Culture=neutral, PublicKeyToken=b03f5f7f11d50a3a" className="DESTests.Test, DESTests" name="DESTestDecrypt" />
    </UnitTest>
    <UnitTest name="SHA1TestHash" storage="c:\users\acer\documents\visual studio 2008\projects\des\destests\bin\debug\destests.dll" id="54493a4d-419d-2f05-793b-58d412a9d7c1">
      <Css projectStructure="" iteration="" />
      <Owners>
        <Owner name="" />
      </Owners>
      <Execution id="adf4069f-bc8d-4e6b-b0f3-9582462602ba" />
      <TestMethod codeBase="C:\Users\Acer\Documents\Visual Studio 2008\Projects\DES\DESTests\bin\Debug\DESTests.dll" adapterTypeName="Microsoft.VisualStudio.TestTools.TestTypes.Unit.UnitTestAdapter, Microsoft.VisualStudio.QualityTools.Tips.UnitTest.Adapter, Version=9.0.0.0, Culture=neutral, PublicKeyToken=b03f5f7f11d50a3a" className="DESTests.Test, DESTests" name="SHA1TestHash" />
    </UnitTest>
  </TestDefinitions>
  <TestLists>
    <TestList name="Results Not in a List" id="8c84fa94-04c1-424b-9868-57a2d4851a1d" />
    <TestList name="All Loaded Results" id="19431567-8539-422a-85d7-44ee4e166bda" />
  </TestLists>
  <TestEntries>
    <TestEntry testId="3154799c-e0a1-7c58-9569-cd29d1bc3aa0" executionId="8023414b-8d42-4f70-8a3b-c9773521036c" testListId="8c84fa94-04c1-424b-9868-57a2d4851a1d" />
    <TestEntry testId="726eb956-5c9f-0634-b91b-6403cea6b894" executionId="6c23df88-9469-4959-9108-d456c36c9897" testListId="8c84fa94-04c1-424b-9868-57a2d4851a1d" />
    <TestEntry testId="16e3d03b-e8c5-802f-e9c0-342107d2cdb0" executionId="d7cf700a-9fa1-49ef-a1bb-423edd3e6c44" testListId="8c84fa94-04c1-424b-9868-57a2d4851a1d" />
    <TestEntry testId="0e7cf8a3-3ea1-7e51-78da-44d1d9228cd6" executionId="9d18f9d8-8f57-4341-883b-a44bb92e6003" testListId="8c84fa94-04c1-424b-9868-57a2d4851a1d" />
    <TestEntry testId="54493a4d-419d-2f05-793b-58d412a9d7c1" executionId="adf4069f-bc8d-4e6b-b0f3-9582462602ba" testListId="8c84fa94-04c1-424b-9868-57a2d4851a1d" />
    <TestEntry testId="c2d29ef2-6045-61e3-1d6a-f22e41477650" executionId="b528c24d-f376-431a-a137-e022d4c3cc37" testListId="8c84fa94-04c1-424b-9868-57a2d4851a1d" />
    <TestEntry testId="abf7696d-fd1e-88b0-6db3-249a3c04ffb9" executionId="9d781c56-8d11-486a-b99c-b15c3ac24799" testListId="8c84fa94-04c1-424b-9868-57a2d4851a1d" />
  </TestEntries>
  <Results>
    <UnitTestResult executionId="8023414b-8d42-4f70-8a3b-c9773521036c" testId="3154799c-e0a1-7c58-9569-cd29d1bc3aa0" testName="DESTestSourceDecrypt" computerName="USER" duration="00:00:00.2180947" startTime="2016-12-21T21:50:10.7573931+03:00" endTime="2016-12-21T21:50:11.5386794+03:00" testType="13cdc9d9-ddb5-4fa4-a97d-d965ccfc6d4b" outcome="Passed" testListId="8c84fa94-04c1-424b-9868-57a2d4851a1d">
      <Output>
      </Output>
    </UnitTestResult>
    <UnitTestResult executionId="6c23df88-9469-4959-9108-d456c36c9897" testId="726eb956-5c9f-0634-b91b-6403cea6b894" testName="DESTestDecrypt" computerName="USER" duration="00:00:00.0019654" startTime="2016-12-21T21:50:11.5386794+03:00" endTime="2016-12-21T21:50:11.5699321+03:00" testType="13cdc9d9-ddb5-4fa4-a97d-d965ccfc6d4b" outcome="Passed" testListId="8c84fa94-04c1-424b-9868-57a2d4851a1d">
      <Output>
      </Output>
    </UnitTestResult>
    <UnitTestResult executionId="d7cf700a-9fa1-49ef-a1bb-423edd3e6c44" testId="16e3d03b-e8c5-802f-e9c0-342107d2cdb0" testName="ElGamalTestSourceDecrypt" computerName="USER" duration="00:00:00.0078896" startTime="2016-12-21T21:50:11.6011813+03:00" endTime="2016-12-21T21:50:11.6011813+03:00" testType="13cdc9d9-ddb5-4fa4-a97d-d965ccfc6d4b" outcome="Passed" testListId="8c84fa94-04c1-424b-9868-57a2d4851a1d">
      <Output>
      </Output>
    </UnitTestResult>
    <UnitTestResult executionId="9d18f9d8-8f57-4341-883b-a44bb92e6003" testId="0e7cf8a3-3ea1-7e51-78da-44d1d9228cd6" testName="ElGamalTestEncryptDecryptLenght" computerName="USER" duration="00:00:00.0745782" startTime="2016-12-21T21:50:11.6168083+03:00" endTime="2016-12-21T21:50:11.7574428+03:00" testType="13cdc9d9-ddb5-4fa4-a97d-d965ccfc6d4b" outcome="Failed" testListId="8c84fa94-04c1-424b-9868-57a2d4851a1d">
      <Output>
        <ErrorInfo>
          <Message>Assert.AreEqual failed. Expected:&lt;АЛГОРИТМ ШИФРОВАНИЯ ELGAMAL&gt;. Actual:&lt;АЛГ&gt;. </Message>
          <StackTrace>   в DESTests.Test.ElGamalTestEncryptDecryptLenght() в C:\Users\Acer\Documents\Visual Studio 2008\Projects\DES\DESTests\Test.cs:строка 115
</StackTrace>
        </ErrorInfo>
      </Output>
    </UnitTestResult>
    <UnitTestResult executionId="adf4069f-bc8d-4e6b-b0f3-9582462602ba" testId="54493a4d-419d-2f05-793b-58d412a9d7c1" testName="SHA1TestHash" computerName="USER" duration="00:00:01.4495316" startTime="2016-12-21T21:50:11.7574428+03:00" endTime="2016-12-21T21:50:13.2106381+03:00" testType="13cdc9d9-ddb5-4fa4-a97d-d965ccfc6d4b" outcome="Passed" testListId="8c84fa94-04c1-424b-9868-57a2d4851a1d">
      <Output>
      </Output>
    </UnitTestResult>
    <UnitTestResult executionId="b528c24d-f376-431a-a137-e022d4c3cc37" testId="c2d29ef2-6045-61e3-1d6a-f22e41477650" testName="RSASign" computerName="USER" duration="00:00:12.1349502" startTime="2016-12-21T21:50:13.2575178+03:00" endTime="2016-12-21T21:50:25.3987527+03:00" testType="13cdc9d9-ddb5-4fa4-a97d-d965ccfc6d4b" outcome="Passed" testListId="8c84fa94-04c1-424b-9868-57a2d4851a1d">
      <Output>
      </Output>
    </UnitTestResult>
    <UnitTestResult executionId="9d781c56-8d11-486a-b99c-b15c3ac24799" testId="abf7696d-fd1e-88b0-6db3-249a3c04ffb9" testName="RSASignDecrypt" computerName="USER" duration="00:16:47.7000144" startTime="2016-12-21T21:50:25.3987527+03:00" endTime="2016-12-21T22:07:13.0987671+03:00" testType="13cdc9d9-ddb5-4fa4-a97d-d965ccfc6d4b" outcome="Aborted" testListId="8c84fa94-04c1-424b-9868-57a2d4851a1d">
    </UnitTestResult>
  </Results>
</TestRun>