<?xml version="1.0" encoding="UTF-8"?>
<TestRun id="6e55d69d-3d4b-4eae-82fd-bc9a0466cb35" name="Acer@USER 2016-12-21 22:56:47" runUser="USER\Acer" xmlns="http://microsoft.com/schemas/VisualStudio/TeamTest/2006">
  <TestRunConfiguration name="Default Run Configuration" id="1baeae08-8b27-4bab-9a4f-fa03a7415d09">
    <Deployment runDeploymentRoot="C:\Users\Acer\Documents\Visual Studio 2008\Projects\DES\TestResults\Acer_USER 2016-12-21 22_56_47">
      <DeploymentItem filename="C:\Users\Acer\Documents\Visual Studio 2008\Projects\DES\DES\bin\Debug\DES_1.dll" />
    </Deployment>
    <Hosts skipUnhostableTests="false" />
    <TestTypeSpecific />
  </TestRunConfiguration>
  <ResultSummary outcome="Failed">
    <Counters total="7" executed="7" passed="6" error="0" failed="1" timeout="0" aborted="0" inconclusive="0" passedButRunAborted="0" notRunnable="0" notExecuted="0" disconnected="0" warning="0" completed="0" inProgress="0" pending="0" />
  </ResultSummary>
  <Times creation="2016-12-21T22:56:47.9794857+03:00" queuing="2016-12-21T22:56:57.9292763+03:00" start="2016-12-21T22:56:58.3042957+03:00" finish="2016-12-21T22:57:28.7511210+03:00" />
  <TestDefinitions>
    <UnitTest name="RSASignDecrypt" storage="c:\users\acer\documents\visual studio 2008\projects\des\destests\bin\debug\destests.dll" id="abf7696d-fd1e-88b0-6db3-249a3c04ffb9">
      <Css projectStructure="" iteration="" />
      <Owners>
        <Owner name="" />
      </Owners>
      <Execution id="def7ed8a-d21f-497f-aeef-496462b18ba7" />
      <TestMethod codeBase="C:\Users\Acer\Documents\Visual Studio 2008\Projects\DES\DESTests\bin\Debug\DESTests.dll" adapterTypeName="Microsoft.VisualStudio.TestTools.TestTypes.Unit.UnitTestAdapter, Microsoft.VisualStudio.QualityTools.Tips.UnitTest.Adapter, Version=9.0.0.0, Culture=neutral, PublicKeyToken=b03f5f7f11d50a3a" className="DESTests.Test, DESTests" name="RSASignDecrypt" />
    </UnitTest>
    <UnitTest name="DESTestSourceDecrypt" storage="c:\users\acer\documents\visual studio 2008\projects\des\destests\bin\debug\destests.dll" id="3154799c-e0a1-7c58-9569-cd29d1bc3aa0">
      <Css projectStructure="" iteration="" />
      <Owners>
        <Owner name="" />
      </Owners>
      <Execution id="0010f13d-33da-41c2-9cbc-3c1d4dc84d77" />
      <TestMethod codeBase="C:\Users\Acer\Documents\Visual Studio 2008\Projects\DES\DESTests\bin\Debug\DESTests.dll" adapterTypeName="Microsoft.VisualStudio.TestTools.TestTypes.Unit.UnitTestAdapter, Microsoft.VisualStudio.QualityTools.Tips.UnitTest.Adapter, Version=9.0.0.0, Culture=neutral, PublicKeyToken=b03f5f7f11d50a3a" className="DESTests.Test, DESTests" name="DESTestSourceDecrypt" />
    </UnitTest>
    <UnitTest name="RSASign" storage="c:\users\acer\documents\visual studio 2008\projects\des\destests\bin\debug\destests.dll" id="c2d29ef2-6045-61e3-1d6a-f22e41477650">
      <Css projectStructure="" iteration="" />
      <Owners>
        <Owner name="" />
      </Owners>
      <Execution id="28679430-75b1-4144-89fa-dd3f2f2ba07b" />
      <TestMethod codeBase="C:\Users\Acer\Documents\Visual Studio 2008\Projects\DES\DESTests\bin\Debug\DESTests.dll" adapterTypeName="Microsoft.VisualStudio.TestTools.TestTypes.Unit.UnitTestAdapter, Microsoft.VisualStudio.QualityTools.Tips.UnitTest.Adapter, Version=9.0.0.0, Culture=neutral, PublicKeyToken=b03f5f7f11d50a3a" className="DESTests.Test, DESTests" name="RSASign" />
    </UnitTest>
    <UnitTest name="ElGamalTestSourceDecrypt" storage="c:\users\acer\documents\visual studio 2008\projects\des\destests\bin\debug\destests.dll" id="16e3d03b-e8c5-802f-e9c0-342107d2cdb0">
      <Css projectStructure="" iteration="" />
      <Owners>
        <Owner name="" />
      </Owners>
      <Execution id="c822105c-cf5a-4342-a27b-8e0af856250e" />
      <TestMethod codeBase="C:\Users\Acer\Documents\Visual Studio 2008\Projects\DES\DESTests\bin\Debug\DESTests.dll" adapterTypeName="Microsoft.VisualStudio.TestTools.TestTypes.Unit.UnitTestAdapter, Microsoft.VisualStudio.QualityTools.Tips.UnitTest.Adapter, Version=9.0.0.0, Culture=neutral, PublicKeyToken=b03f5f7f11d50a3a" className="DESTests.Test, DESTests" name="ElGamalTestSourceDecrypt" />
    </UnitTest>
    <UnitTest name="ElGamalTestEncryptDecryptLenght" storage="c:\users\acer\documents\visual studio 2008\projects\des\destests\bin\debug\destests.dll" id="0e7cf8a3-3ea1-7e51-78da-44d1d9228cd6">
      <Css projectStructure="" iteration="" />
      <Owners>
        <Owner name="" />
      </Owners>
      <Execution id="6e187445-8813-4352-8b58-0b7dac397651" />
      <TestMethod codeBase="C:\Users\Acer\Documents\Visual Studio 2008\Projects\DES\DESTests\bin\Debug\DESTests.dll" adapterTypeName="Microsoft.VisualStudio.TestTools.TestTypes.Unit.UnitTestAdapter, Microsoft.VisualStudio.QualityTools.Tips.UnitTest.Adapter, Version=9.0.0.0, Culture=neutral, PublicKeyToken=b03f5f7f11d50a3a" className="DESTests.Test, DESTests" name="ElGamalTestEncryptDecryptLenght" />
    </UnitTest>
    <UnitTest name="DESTestDecrypt" storage="c:\users\acer\documents\visual studio 2008\projects\des\destests\bin\debug\destests.dll" id="726eb956-5c9f-0634-b91b-6403cea6b894">
      <Css projectStructure="" iteration="" />
      <Owners>
        <Owner name="" />
      </Owners>
      <Execution id="a77dbb12-e339-4286-ac19-246d5aa85911" />
      <TestMethod codeBase="C:\Users\Acer\Documents\Visual Studio 2008\Projects\DES\DESTests\bin\Debug\DESTests.dll" adapterTypeName="Microsoft.VisualStudio.TestTools.TestTypes.Unit.UnitTestAdapter, Microsoft.VisualStudio.QualityTools.Tips.UnitTest.Adapter, Version=9.0.0.0, Culture=neutral, PublicKeyToken=b03f5f7f11d50a3a" className="DESTests.Test, DESTests" name="DESTestDecrypt" />
    </UnitTest>
    <UnitTest name="SHA1TestHash" storage="c:\users\acer\documents\visual studio 2008\projects\des\destests\bin\debug\destests.dll" id="54493a4d-419d-2f05-793b-58d412a9d7c1">
      <Css projectStructure="" iteration="" />
      <Owners>
        <Owner name="" />
      </Owners>
      <Execution id="6f65555c-6d48-4437-b198-90bc039c0f7a" />
      <TestMethod codeBase="C:\Users\Acer\Documents\Visual Studio 2008\Projects\DES\DESTests\bin\Debug\DESTests.dll" adapterTypeName="Microsoft.VisualStudio.TestTools.TestTypes.Unit.UnitTestAdapter, Microsoft.VisualStudio.QualityTools.Tips.UnitTest.Adapter, Version=9.0.0.0, Culture=neutral, PublicKeyToken=b03f5f7f11d50a3a" className="DESTests.Test, DESTests" name="SHA1TestHash" />
    </UnitTest>
  </TestDefinitions>
  <TestLists>
    <TestList name="Results Not in a List" id="8c84fa94-04c1-424b-9868-57a2d4851a1d" />
    <TestList name="All Loaded Results" id="19431567-8539-422a-85d7-44ee4e166bda" />
  </TestLists>
  <TestEntries>
    <TestEntry testId="3154799c-e0a1-7c58-9569-cd29d1bc3aa0" executionId="0010f13d-33da-41c2-9cbc-3c1d4dc84d77" testListId="8c84fa94-04c1-424b-9868-57a2d4851a1d" />
    <TestEntry testId="726eb956-5c9f-0634-b91b-6403cea6b894" executionId="a77dbb12-e339-4286-ac19-246d5aa85911" testListId="8c84fa94-04c1-424b-9868-57a2d4851a1d" />
    <TestEntry testId="16e3d03b-e8c5-802f-e9c0-342107d2cdb0" executionId="c822105c-cf5a-4342-a27b-8e0af856250e" testListId="8c84fa94-04c1-424b-9868-57a2d4851a1d" />
    <TestEntry testId="0e7cf8a3-3ea1-7e51-78da-44d1d9228cd6" executionId="6e187445-8813-4352-8b58-0b7dac397651" testListId="8c84fa94-04c1-424b-9868-57a2d4851a1d" />
    <TestEntry testId="54493a4d-419d-2f05-793b-58d412a9d7c1" executionId="6f65555c-6d48-4437-b198-90bc039c0f7a" testListId="8c84fa94-04c1-424b-9868-57a2d4851a1d" />
    <TestEntry testId="c2d29ef2-6045-61e3-1d6a-f22e41477650" executionId="28679430-75b1-4144-89fa-dd3f2f2ba07b" testListId="8c84fa94-04c1-424b-9868-57a2d4851a1d" />
    <TestEntry testId="abf7696d-fd1e-88b0-6db3-249a3c04ffb9" executionId="def7ed8a-d21f-497f-aeef-496462b18ba7" testListId="8c84fa94-04c1-424b-9868-57a2d4851a1d" />
  </TestEntries>
  <Results>
    <UnitTestResult executionId="0010f13d-33da-41c2-9cbc-3c1d4dc84d77" testId="3154799c-e0a1-7c58-9569-cd29d1bc3aa0" testName="DESTestSourceDecrypt" computerName="USER" duration="00:00:00.2640010" startTime="2016-12-21T22:56:58.4761790+03:00" endTime="2016-12-21T22:56:59.5387330+03:00" testType="13cdc9d9-ddb5-4fa4-a97d-d965ccfc6d4b" outcome="Passed" testListId="8c84fa94-04c1-424b-9868-57a2d4851a1d">
      <Output>
      </Output>
    </UnitTestResult>
    <UnitTestResult executionId="a77dbb12-e339-4286-ac19-246d5aa85911" testId="726eb956-5c9f-0634-b91b-6403cea6b894" testName="DESTestDecrypt" computerName="USER" duration="00:00:00.0016669" startTime="2016-12-21T22:56:59.5387330+03:00" endTime="2016-12-21T22:56:59.5543592+03:00" testType="13cdc9d9-ddb5-4fa4-a97d-d965ccfc6d4b" outcome="Passed" testListId="8c84fa94-04c1-424b-9868-57a2d4851a1d">
      <Output>
      </Output>
    </UnitTestResult>
    <UnitTestResult executionId="c822105c-cf5a-4342-a27b-8e0af856250e" testId="16e3d03b-e8c5-802f-e9c0-342107d2cdb0" testName="ElGamalTestSourceDecrypt" computerName="USER" duration="00:00:00.0046954" startTime="2016-12-21T22:56:59.6012354+03:00" endTime="2016-12-21T22:56:59.6012354+03:00" testType="13cdc9d9-ddb5-4fa4-a97d-d965ccfc6d4b" outcome="Passed" testListId="8c84fa94-04c1-424b-9868-57a2d4851a1d">
      <Output>
      </Output>
    </UnitTestResult>
    <UnitTestResult executionId="6e187445-8813-4352-8b58-0b7dac397651" testId="0e7cf8a3-3ea1-7e51-78da-44d1d9228cd6" testName="ElGamalTestEncryptDecryptLenght" computerName="USER" duration="00:00:00.0326501" startTime="2016-12-21T22:56:59.6168620+03:00" endTime="2016-12-21T22:56:59.6637386+03:00" testType="13cdc9d9-ddb5-4fa4-a97d-d965ccfc6d4b" outcome="Passed" testListId="8c84fa94-04c1-424b-9868-57a2d4851a1d">
      <Output>
      </Output>
    </UnitTestResult>
    <UnitTestResult executionId="6f65555c-6d48-4437-b198-90bc039c0f7a" testId="54493a4d-419d-2f05-793b-58d412a9d7c1" testName="SHA1TestHash" computerName="USER" duration="00:00:01.4102692" startTime="2016-12-21T22:56:59.6637386+03:00" endTime="2016-12-21T22:57:01.0856850+03:00" testType="13cdc9d9-ddb5-4fa4-a97d-d965ccfc6d4b" outcome="Passed" testListId="8c84fa94-04c1-424b-9868-57a2d4851a1d">
      <Output>
      </Output>
    </UnitTestResult>
    <UnitTestResult executionId="28679430-75b1-4144-89fa-dd3f2f2ba07b" testId="c2d29ef2-6045-61e3-1d6a-f22e41477650" testName="RSASign" computerName="USER" duration="00:00:02.6092822" startTime="2016-12-21T22:57:01.0856850+03:00" endTime="2016-12-21T22:57:03.7038904+03:00" testType="13cdc9d9-ddb5-4fa4-a97d-d965ccfc6d4b" outcome="Passed" testListId="8c84fa94-04c1-424b-9868-57a2d4851a1d">
      <Output>
      </Output>
    </UnitTestResult>
    <UnitTestResult executionId="def7ed8a-d21f-497f-aeef-496462b18ba7" testId="abf7696d-fd1e-88b0-6db3-249a3c04ffb9" testName="RSASignDecrypt" computerName="USER" duration="00:00:24.8493845" startTime="2016-12-21T22:57:03.7195165+03:00" endTime="2016-12-21T22:57:28.5948548+03:00" testType="13cdc9d9-ddb5-4fa4-a97d-d965ccfc6d4b" outcome="Failed" testListId="8c84fa94-04c1-424b-9868-57a2d4851a1d">
      <Output>
        <ErrorInfo>
          <Message>Test method DESTests.Test.RSASignDecrypt threw exception:  System.DivideByZeroException: Попытка деления на нуль..</Message>
          <StackTrace>    в Library.RSALib.RSA_Dedoce(List`1 input, Int64 d, Int64 n) в C:\Users\Acer\Documents\Visual Studio 2008\Projects\DES\DES\RSALib.cs:строка 129
   в Library.RSALib.DecryptData(Stream input, Stream output) в C:\Users\Acer\Documents\Visual Studio 2008\Projects\DES\DES\RSALib.cs:строка 75
   в DESTests.Test.RSASignDecrypt() в C:\Users\Acer\Documents\Visual Studio 2008\Projects\DES\DESTests\Test.cs:строка 186
</StackTrace>
        </ErrorInfo>
      </Output>
    </UnitTestResult>
  </Results>
</TestRun>