<?xml version="1.0" encoding="UTF-8"?>
<TestRun id="bbdb8850-d6aa-43ef-b169-42de16ad1834" name="Acer@USER 2016-12-21 21:47:15" runUser="USER\Acer" xmlns="http://microsoft.com/schemas/VisualStudio/TeamTest/2006">
  <TestRunConfiguration name="Default Run Configuration" id="5ee302f5-aaf1-45f9-bf1a-bacfe73d81e2">
    <Deployment runDeploymentRoot="C:\Users\Acer\Documents\Visual Studio 2008\Projects\DES\TestResults\Acer_USER 2016-12-21 21_47_15">
      <DeploymentItem filename="C:\Users\Acer\Documents\Visual Studio 2008\Projects\DES\DES\bin\Debug\DES_1.dll" />
    </Deployment>
    <Hosts skipUnhostableTests="false" />
    <TestTypeSpecific />
  </TestRunConfiguration>
  <ResultSummary outcome="Failed">
    <Counters total="7" executed="7" passed="5" error="0" failed="2" timeout="0" aborted="0" inconclusive="0" passedButRunAborted="0" notRunnable="0" notExecuted="0" disconnected="0" warning="0" completed="0" inProgress="0" pending="0" />
  </ResultSummary>
  <Times creation="2016-12-21T21:47:15.9695466+03:00" queuing="2016-12-21T21:47:20.2193713+03:00" start="2016-12-21T21:47:20.6100188+03:00" finish="2016-12-21T21:48:08.7609572+03:00" />
  <TestDefinitions>
    <UnitTest name="RSASignDecrypt" storage="c:\users\acer\documents\visual studio 2008\projects\des\destests\bin\debug\destests.dll" id="abf7696d-fd1e-88b0-6db3-249a3c04ffb9">
      <Css projectStructure="" iteration="" />
      <Owners>
        <Owner name="" />
      </Owners>
      <Execution id="1218f02c-7da4-4998-8f63-fa7b4aa672a4" />
      <TestMethod codeBase="C:\Users\Acer\Documents\Visual Studio 2008\Projects\DES\DESTests\bin\Debug\DESTests.dll" adapterTypeName="Microsoft.VisualStudio.TestTools.TestTypes.Unit.UnitTestAdapter, Microsoft.VisualStudio.QualityTools.Tips.UnitTest.Adapter, Version=9.0.0.0, Culture=neutral, PublicKeyToken=b03f5f7f11d50a3a" className="DESTests.Test, DESTests" name="RSASignDecrypt" />
    </UnitTest>
    <UnitTest name="DESTestSourceDecrypt" storage="c:\users\acer\documents\visual studio 2008\projects\des\destests\bin\debug\destests.dll" id="3154799c-e0a1-7c58-9569-cd29d1bc3aa0">
      <Css projectStructure="" iteration="" />
      <Owners>
        <Owner name="" />
      </Owners>
      <Execution id="15ec03bd-4e3a-4d21-aa1d-a2f04a3f080b" />
      <TestMethod codeBase="C:\Users\Acer\Documents\Visual Studio 2008\Projects\DES\DESTests\bin\Debug\DESTests.dll" adapterTypeName="Microsoft.VisualStudio.TestTools.TestTypes.Unit.UnitTestAdapter, Microsoft.VisualStudio.QualityTools.Tips.UnitTest.Adapter, Version=9.0.0.0, Culture=neutral, PublicKeyToken=b03f5f7f11d50a3a" className="DESTests.Test, DESTests" name="DESTestSourceDecrypt" />
    </UnitTest>
    <UnitTest name="RSASign" storage="c:\users\acer\documents\visual studio 2008\projects\des\destests\bin\debug\destests.dll" id="c2d29ef2-6045-61e3-1d6a-f22e41477650">
      <Css projectStructure="" iteration="" />
      <Owners>
        <Owner name="" />
      </Owners>
      <Execution id="fb85f71e-db07-41e1-b65f-bb5c4c6fc077" />
      <TestMethod codeBase="C:\Users\Acer\Documents\Visual Studio 2008\Projects\DES\DESTests\bin\Debug\DESTests.dll" adapterTypeName="Microsoft.VisualStudio.TestTools.TestTypes.Unit.UnitTestAdapter, Microsoft.VisualStudio.QualityTools.Tips.UnitTest.Adapter, Version=9.0.0.0, Culture=neutral, PublicKeyToken=b03f5f7f11d50a3a" className="DESTests.Test, DESTests" name="RSASign" />
    </UnitTest>
    <UnitTest name="ElGamalTestSourceDecrypt" storage="c:\users\acer\documents\visual studio 2008\projects\des\destests\bin\debug\destests.dll" id="16e3d03b-e8c5-802f-e9c0-342107d2cdb0">
      <Css projectStructure="" iteration="" />
      <Owners>
        <Owner name="" />
      </Owners>
      <Execution id="d73b03a7-8ecb-49e0-b147-884e5a738f33" />
      <TestMethod codeBase="C:\Users\Acer\Documents\Visual Studio 2008\Projects\DES\DESTests\bin\Debug\DESTests.dll" adapterTypeName="Microsoft.VisualStudio.TestTools.TestTypes.Unit.UnitTestAdapter, Microsoft.VisualStudio.QualityTools.Tips.UnitTest.Adapter, Version=9.0.0.0, Culture=neutral, PublicKeyToken=b03f5f7f11d50a3a" className="DESTests.Test, DESTests" name="ElGamalTestSourceDecrypt" />
    </UnitTest>
    <UnitTest name="ElGamalTestEncryptDecryptLenght" storage="c:\users\acer\documents\visual studio 2008\projects\des\destests\bin\debug\destests.dll" id="0e7cf8a3-3ea1-7e51-78da-44d1d9228cd6">
      <Css projectStructure="" iteration="" />
      <Owners>
        <Owner name="" />
      </Owners>
      <Execution id="39cf6a92-857b-48c8-93b6-2305b0c9b16f" />
      <TestMethod codeBase="C:\Users\Acer\Documents\Visual Studio 2008\Projects\DES\DESTests\bin\Debug\DESTests.dll" adapterTypeName="Microsoft.VisualStudio.TestTools.TestTypes.Unit.UnitTestAdapter, Microsoft.VisualStudio.QualityTools.Tips.UnitTest.Adapter, Version=9.0.0.0, Culture=neutral, PublicKeyToken=b03f5f7f11d50a3a" className="DESTests.Test, DESTests" name="ElGamalTestEncryptDecryptLenght" />
    </UnitTest>
    <UnitTest name="DESTestDecrypt" storage="c:\users\acer\documents\visual studio 2008\projects\des\destests\bin\debug\destests.dll" id="726eb956-5c9f-0634-b91b-6403cea6b894">
      <Css projectStructure="" iteration="" />
      <Owners>
        <Owner name="" />
      </Owners>
      <Execution id="846d18bc-aba7-485c-b79f-3448d3452368" />
      <TestMethod codeBase="C:\Users\Acer\Documents\Visual Studio 2008\Projects\DES\DESTests\bin\Debug\DESTests.dll" adapterTypeName="Microsoft.VisualStudio.TestTools.TestTypes.Unit.UnitTestAdapter, Microsoft.VisualStudio.QualityTools.Tips.UnitTest.Adapter, Version=9.0.0.0, Culture=neutral, PublicKeyToken=b03f5f7f11d50a3a" className="DESTests.Test, DESTests" name="DESTestDecrypt" />
    </UnitTest>
    <UnitTest name="SHA1TestHash" storage="c:\users\acer\documents\visual studio 2008\projects\des\destests\bin\debug\destests.dll" id="54493a4d-419d-2f05-793b-58d412a9d7c1">
      <Css projectStructure="" iteration="" />
      <Owners>
        <Owner name="" />
      </Owners>
      <Execution id="4cf2f267-7430-4ad1-8b83-8ee4d080f1ba" />
      <TestMethod codeBase="C:\Users\Acer\Documents\Visual Studio 2008\Projects\DES\DESTests\bin\Debug\DESTests.dll" adapterTypeName="Microsoft.VisualStudio.TestTools.TestTypes.Unit.UnitTestAdapter, Microsoft.VisualStudio.QualityTools.Tips.UnitTest.Adapter, Version=9.0.0.0, Culture=neutral, PublicKeyToken=b03f5f7f11d50a3a" className="DESTests.Test, DESTests" name="SHA1TestHash" />
    </UnitTest>
  </TestDefinitions>
  <TestLists>
    <TestList name="Results Not in a List" id="8c84fa94-04c1-424b-9868-57a2d4851a1d" />
    <TestList name="All Loaded Results" id="19431567-8539-422a-85d7-44ee4e166bda" />
  </TestLists>
  <TestEntries>
    <TestEntry testId="3154799c-e0a1-7c58-9569-cd29d1bc3aa0" executionId="15ec03bd-4e3a-4d21-aa1d-a2f04a3f080b" testListId="8c84fa94-04c1-424b-9868-57a2d4851a1d" />
    <TestEntry testId="726eb956-5c9f-0634-b91b-6403cea6b894" executionId="846d18bc-aba7-485c-b79f-3448d3452368" testListId="8c84fa94-04c1-424b-9868-57a2d4851a1d" />
    <TestEntry testId="16e3d03b-e8c5-802f-e9c0-342107d2cdb0" executionId="d73b03a7-8ecb-49e0-b147-884e5a738f33" testListId="8c84fa94-04c1-424b-9868-57a2d4851a1d" />
    <TestEntry testId="0e7cf8a3-3ea1-7e51-78da-44d1d9228cd6" executionId="39cf6a92-857b-48c8-93b6-2305b0c9b16f" testListId="8c84fa94-04c1-424b-9868-57a2d4851a1d" />
    <TestEntry testId="54493a4d-419d-2f05-793b-58d412a9d7c1" executionId="4cf2f267-7430-4ad1-8b83-8ee4d080f1ba" testListId="8c84fa94-04c1-424b-9868-57a2d4851a1d" />
    <TestEntry testId="c2d29ef2-6045-61e3-1d6a-f22e41477650" executionId="fb85f71e-db07-41e1-b65f-bb5c4c6fc077" testListId="8c84fa94-04c1-424b-9868-57a2d4851a1d" />
    <TestEntry testId="abf7696d-fd1e-88b0-6db3-249a3c04ffb9" executionId="1218f02c-7da4-4998-8f63-fa7b4aa672a4" testListId="8c84fa94-04c1-424b-9868-57a2d4851a1d" />
  </TestEntries>
  <Results>
    <UnitTestResult executionId="15ec03bd-4e3a-4d21-aa1d-a2f04a3f080b" testId="3154799c-e0a1-7c58-9569-cd29d1bc3aa0" testName="DESTestSourceDecrypt" computerName="USER" duration="00:00:00.1862099" startTime="2016-12-21T21:47:20.7818997+03:00" endTime="2016-12-21T21:47:22.6882460+03:00" testType="13cdc9d9-ddb5-4fa4-a97d-d965ccfc6d4b" outcome="Passed" testListId="8c84fa94-04c1-424b-9868-57a2d4851a1d">
      <Output>
      </Output>
    </UnitTestResult>
    <UnitTestResult executionId="846d18bc-aba7-485c-b79f-3448d3452368" testId="726eb956-5c9f-0634-b91b-6403cea6b894" testName="DESTestDecrypt" computerName="USER" duration="00:00:00.0014605" startTime="2016-12-21T21:47:22.6882460+03:00" endTime="2016-12-21T21:47:22.7038726+03:00" testType="13cdc9d9-ddb5-4fa4-a97d-d965ccfc6d4b" outcome="Passed" testListId="8c84fa94-04c1-424b-9868-57a2d4851a1d">
      <Output>
      </Output>
    </UnitTestResult>
    <UnitTestResult executionId="d73b03a7-8ecb-49e0-b147-884e5a738f33" testId="16e3d03b-e8c5-802f-e9c0-342107d2cdb0" testName="ElGamalTestSourceDecrypt" computerName="USER" duration="00:00:00.0625900" startTime="2016-12-21T21:47:22.7195012+03:00" endTime="2016-12-21T21:47:22.7820016+03:00" testType="13cdc9d9-ddb5-4fa4-a97d-d965ccfc6d4b" outcome="Failed" testListId="8c84fa94-04c1-424b-9868-57a2d4851a1d">
      <Output>
        <ErrorInfo>
          <Message>Assert.AreEqual failed. Expected:&lt;АБВГ&gt;. Actual:&lt;А\0ВГ&gt;. </Message>
          <StackTrace>   в DESTests.Test.ElGamalTestSourceDecrypt() в C:\Users\Acer\Documents\Visual Studio 2008\Projects\DES\DESTests\Test.cs:строка 72
</StackTrace>
        </ErrorInfo>
      </Output>
    </UnitTestResult>
    <UnitTestResult executionId="39cf6a92-857b-48c8-93b6-2305b0c9b16f" testId="0e7cf8a3-3ea1-7e51-78da-44d1d9228cd6" testName="ElGamalTestEncryptDecryptLenght" computerName="USER" duration="00:00:00.0120356" startTime="2016-12-21T21:47:22.7820016+03:00" endTime="2016-12-21T21:47:22.8132531+03:00" testType="13cdc9d9-ddb5-4fa4-a97d-d965ccfc6d4b" outcome="Passed" testListId="8c84fa94-04c1-424b-9868-57a2d4851a1d">
      <Output>
      </Output>
    </UnitTestResult>
    <UnitTestResult executionId="4cf2f267-7430-4ad1-8b83-8ee4d080f1ba" testId="54493a4d-419d-2f05-793b-58d412a9d7c1" testName="SHA1TestHash" computerName="USER" duration="00:00:01.3977816" startTime="2016-12-21T21:47:22.8132531+03:00" endTime="2016-12-21T21:47:24.2195742+03:00" testType="13cdc9d9-ddb5-4fa4-a97d-d965ccfc6d4b" outcome="Passed" testListId="8c84fa94-04c1-424b-9868-57a2d4851a1d">
      <Output>
      </Output>
    </UnitTestResult>
    <UnitTestResult executionId="fb85f71e-db07-41e1-b65f-bb5c4c6fc077" testId="c2d29ef2-6045-61e3-1d6a-f22e41477650" testName="RSASign" computerName="USER" duration="00:00:06.4132337" startTime="2016-12-21T21:47:24.2352000+03:00" endTime="2016-12-21T21:47:30.6451076+03:00" testType="13cdc9d9-ddb5-4fa4-a97d-d965ccfc6d4b" outcome="Passed" testListId="8c84fa94-04c1-424b-9868-57a2d4851a1d">
      <Output>
      </Output>
    </UnitTestResult>
    <UnitTestResult executionId="1218f02c-7da4-4998-8f63-fa7b4aa672a4" testId="abf7696d-fd1e-88b0-6db3-249a3c04ffb9" testName="RSASignDecrypt" computerName="USER" duration="00:00:37.9077310" startTime="2016-12-21T21:47:30.6607303+03:00" endTime="2016-12-21T21:48:08.5890735+03:00" testType="13cdc9d9-ddb5-4fa4-a97d-d965ccfc6d4b" outcome="Failed" testListId="8c84fa94-04c1-424b-9868-57a2d4851a1d">
      <Output>
        <ErrorInfo>
          <Message>Test method DESTests.Test.RSASignDecrypt threw exception:  System.IndexOutOfRangeException: Индекс находился вне границ массива..</Message>
          <StackTrace>    в Library.RSALib.DecryptData(Stream input, Stream output) в C:\Users\Acer\Documents\Visual Studio 2008\Projects\DES\DES\RSALib.cs:строка 72
   в DESTests.Test.RSASignDecrypt() в C:\Users\Acer\Documents\Visual Studio 2008\Projects\DES\DESTests\Test.cs:строка 186
</StackTrace>
        </ErrorInfo>
      </Output>
    </UnitTestResult>
  </Results>
</TestRun>